<?xml version="1.0" encoding="UTF-8"?>
<!-- Generated by org.testng.reporters.JUnitReportReporter -->
<testsuite skipped="0" hostname="PeopleNTech-PC" name="home.TestCnn" tests="1" failures="0" timestamp="16 Sep 2017 14:35:31 GMT" time="10.567" errors="0">
  <testcase name="homePage" time="10.567" classname="home.TestCnn"/>
</testsuite> <!-- home.TestCnn -->
