<?xml version="1.0" encoding="UTF-8"?>
<!-- Generated by org.testng.reporters.JUnitReportReporter -->
<testsuite skipped="0" hostname="PeopleNTech-PC" name="home.TestFacebook" tests="1" failures="0" timestamp="16 Sep 2017 14:35:37 GMT" time="5.394" errors="0">
  <testcase name="test1" time="5.394" classname="home.TestFacebook"/>
</testsuite> <!-- home.TestFacebook -->
