<?xml version="1.0" encoding="UTF-8"?>
<!-- Generated by org.testng.reporters.JUnitReportReporter -->
<testsuite skipped="0" hostname="PeopleNTech-PC" name="table.ReadTableData" tests="1" failures="0" timestamp="16 Sep 2017 14:35:46 GMT" time="7.804" errors="0">
  <testcase name="testTable" time="7.804" classname="table.ReadTableData"/>
</testsuite> <!-- table.ReadTableData -->
