<?xml version="1.0" encoding="UTF-8"?>
<!-- Generated by org.testng.reporters.JUnitReportReporter -->
<testsuite skipped="0" hostname="matiurs-MacBook-Pro.local" name="rest.EmployeeRestServices" tests="1" failures="0" timestamp="24 Sep 2017 03:56:25 GMT" time="3.038" errors="0">
  <testcase name="apiCallResponseSingle" time="3.038" classname="rest.EmployeeRestServices"/>
</testsuite> <!-- rest.EmployeeRestServices -->
